nohup: ignoring input
2026-06-20 20:21:33,186 - INFO - ============================================================
2026-06-20 20:21:33,186 - INFO - 🔍 系统资源监控启动
2026-06-20 20:21:33,186 - INFO -   采样间隔: 5s
2026-06-20 20:21:33,187 - INFO -   告警阈值: CPU>90% | 内存>80% | 磁盘>85% | GPU>90%
2026-06-20 20:21:33,187 - INFO - ============================================================
/root/miniconda3/envs/ai-customer-service/lib/python3.12/site-packages/torch/cuda/__init__.py:63: FutureWarning: The pynvml package is deprecated. Please install nvidia-ml-py instead. If you did not install pynvml directly, please report this to the maintainers of the package that installed pynvml for you.
  import pynvml  # type: ignore[import]
2026-06-20 20:21:34,097 - INFO - CPU:  0.0% | MEM:  8.1/15.6GB (51.8%) | DISK:     86.6/1006.9GB | GPU:0.0/15.9GB (0.0%)
2026-06-20 20:22:24,176 - INFO - CPU:  1.0% | MEM:  8.4/15.6GB (53.6%) | DISK:     86.6/1006.9GB | GPU:0.0/15.9GB (0.0%)
2026-06-20 20:23:14,197 - INFO - CPU:  1.8% | MEM:  8.4/15.6GB (53.6%) | DISK:     86.6/1006.9GB | GPU:0.0/15.9GB (0.0%)
2026-06-20 20:24:04,215 - INFO - CPU:  1.1% | MEM:  8.4/15.6GB (53.6%) | DISK:     86.6/1006.9GB | GPU:0.0/15.9GB (0.0%)
2026-06-20 20:24:54,233 - INFO - CPU:  1.0% | MEM:  8.4/15.6GB (53.6%) | DISK:     86.6/1006.9GB | GPU:0.0/15.9GB (0.0%)
2026-06-20 20:25:44,258 - INFO - CPU:  1.4% | MEM:  8.3/15.6GB (52.9%) | DISK:     86.6/1006.9GB | GPU:0.0/15.9GB (0.0%)
2026-06-20 20:26:34,277 - INFO - CPU:  1.3% | MEM:  8.3/15.6GB (53.0%) | DISK:     86.6/1006.9GB | GPU:0.0/15.9GB (0.0%)
2026-06-20 20:27:24,302 - INFO - CPU:  1.1% | MEM:  8.3/15.6GB (53.0%) | DISK:     86.6/1006.9GB | GPU:0.0/15.9GB (0.0%)
2026-06-20 20:28:14,342 - INFO - CPU:  1.1% | MEM:  8.2/15.6GB (52.7%) | DISK:     86.6/1006.9GB | GPU:0.0/15.9GB (0.0%)
2026-06-20 20:29:04,362 - INFO - CPU:  1.3% | MEM:  8.3/15.6GB (53.2%) | DISK:     86.6/1006.9GB | GPU:0.0/15.9GB (0.0%)
2026-06-20 20:29:54,380 - INFO - CPU:  2.2% | MEM:  8.5/15.6GB (54.1%) | DISK:     86.6/1006.9GB | GPU:0.0/15.9GB (0.0%)
2026-06-20 20:30:44,412 - INFO - CPU:  1.2% | MEM:  8.5/15.6GB (54.2%) | DISK:     86.6/1006.9GB | GPU:0.0/15.9GB (0.0%)
2026-06-20 20:31:34,461 - INFO - CPU:  1.3% | MEM:  8.5/15.6GB (54.2%) | DISK:     86.6/1006.9GB | GPU:0.0/15.9GB (0.0%)
2026-06-20 20:32:24,476 - INFO - CPU:  1.1% | MEM:  8.5/15.6GB (54.2%) | DISK:     86.6/1006.9GB | GPU:0.0/15.9GB (0.0%)
2026-06-20 20:33:14,503 - INFO - CPU:  1.1% | MEM:  8.5/15.6GB (54.2%) | DISK:     86.6/1006.9GB | GPU:0.0/15.9GB (0.0%)
2026-06-20 20:34:04,534 - INFO - CPU:  6.3% | MEM:  8.5/15.6GB (54.2%) | DISK:     86.6/1006.9GB | GPU:0.0/15.9GB (0.0%)
2026-06-20 20:34:54,558 - INFO - CPU:  1.6% | MEM:  8.5/15.6GB (54.2%) | DISK:     86.6/1006.9GB | GPU:0.0/15.9GB (0.0%)
2026-06-20 20:35:44,588 - INFO - CPU:  1.2% | MEM:  8.5/15.6GB (54.4%) | DISK:     86.6/1006.9GB | GPU:0.0/15.9GB (0.0%)
